<?xml version="1.0" encoding="UTF-8"?>
<testng-results skipped="0" failed="0" ignored="0" total="2" passed="2">
  <reporter-output>
  </reporter-output>
  <suite name="Main Test Suite" duration-ms="6456" started-at="2020-12-05T16:22:25 UTC" finished-at="2020-12-05T16:22:31 UTC">
    <groups>
    </groups>
    <test name="Grid chrome Test" duration-ms="1988" started-at="2020-12-05T16:22:25 UTC" finished-at="2020-12-05T16:22:27 UTC">
      <class name="com.test.gridtest.selenium_grid_test.GridTestA">
        <test-method status="PASS" signature="setUp()[pri:0, instance:com.test.gridtest.selenium_grid_test.GridTestA@48503868]" name="setUp" is-config="true" duration-ms="1101" started-at="2020-12-05T16:22:25 UTC" finished-at="2020-12-05T16:22:26 UTC">
          <reporter-output>
          </reporter-output>
        </test-method> <!-- setUp -->
        <test-method status="PASS" signature="loadGoogleHomePageTest()[pri:0, instance:com.test.gridtest.selenium_grid_test.GridTestA@48503868]" name="loadGoogleHomePageTest" duration-ms="787" started-at="2020-12-05T16:22:26 UTC" finished-at="2020-12-05T16:22:27 UTC">
          <reporter-output>
          </reporter-output>
        </test-method> <!-- loadGoogleHomePageTest -->
        <test-method status="PASS" signature="afterTest()[pri:0, instance:com.test.gridtest.selenium_grid_test.GridTestA@48503868]" name="afterTest" is-config="true" duration-ms="61" started-at="2020-12-05T16:22:27 UTC" finished-at="2020-12-05T16:22:27 UTC">
          <reporter-output>
          </reporter-output>
        </test-method> <!-- afterTest -->
      </class> <!-- com.test.gridtest.selenium_grid_test.GridTestA -->
    </test> <!-- Grid chrome Test -->
    <test name="Grid firefox Test" duration-ms="6455" started-at="2020-12-05T16:22:25 UTC" finished-at="2020-12-05T16:22:31 UTC">
      <class name="com.test.gridtest.selenium_grid_test.GridTestB">
        <test-method status="PASS" signature="setUp()[pri:0, instance:com.test.gridtest.selenium_grid_test.GridTestB@5faeada1]" name="setUp" is-config="true" duration-ms="4252" started-at="2020-12-05T16:22:25 UTC" finished-at="2020-12-05T16:22:29 UTC">
          <reporter-output>
          </reporter-output>
        </test-method> <!-- setUp -->
        <test-method status="PASS" signature="loadGoogleHomePageTest()[pri:0, instance:com.test.gridtest.selenium_grid_test.GridTestB@5faeada1]" name="loadGoogleHomePageTest" duration-ms="1129" started-at="2020-12-05T16:22:29 UTC" finished-at="2020-12-05T16:22:30 UTC">
          <reporter-output>
          </reporter-output>
        </test-method> <!-- loadGoogleHomePageTest -->
        <test-method status="PASS" signature="afterTest()[pri:0, instance:com.test.gridtest.selenium_grid_test.GridTestB@5faeada1]" name="afterTest" is-config="true" duration-ms="1066" started-at="2020-12-05T16:22:30 UTC" finished-at="2020-12-05T16:22:31 UTC">
          <reporter-output>
          </reporter-output>
        </test-method> <!-- afterTest -->
      </class> <!-- com.test.gridtest.selenium_grid_test.GridTestB -->
    </test> <!-- Grid firefox Test -->
  </suite> <!-- Main Test Suite -->
</testng-results>
